<?xml version="1.0" encoding="UTF-8"?>
<testsuite xmlns:xsi="http://www.w3.org/2001/XMLSchema-instance" xsi:noNamespaceSchemaLocation="https://maven.apache.org/surefire/maven-surefire-plugin/xsd/surefire-test-report.xsd" name="com.kelvin.maven.profile.AppTest" time="0.004" tests="1" errors="0" skipped="0" failures="0">
  <properties>
    <property name="sun.desktop" value="windows"/>
    <property name="awt.toolkit" value="sun.awt.windows.WToolkit"/>
    <property name="file.encoding.pkg" value="sun.io"/>
    <property name="java.specification.version" value="1.8"/>
    <property name="sun.cpu.isalist" value="amd64"/>
    <property name="sun.jnu.encoding" value="Cp1252"/>
    <property name="java.class.path" value="D:\ITA\learning\target\test-classes;D:\ITA\learning\target\classes;D:\mymavenRepo\log4j\log4j\1.2.16\log4j-1.2.16.jar;D:\mymavenRepo\junit\junit\4.12\junit-4.12.jar;D:\mymavenRepo\org\hamcrest\hamcrest-core\1.3\hamcrest-core-1.3.jar;"/>
    <property name="java.vm.vendor" value="Oracle Corporation"/>
    <property name="sun.arch.data.model" value="64"/>
    <property name="user.variant" value=""/>
    <property name="java.vendor.url" value="http://java.oracle.com/"/>
    <property name="user.timezone" value=""/>
    <property name="java.vm.specification.version" value="1.8"/>
    <property name="os.name" value="Windows 10"/>
    <property name="user.country" value="US"/>
    <property name="sun.java.launcher" value="SUN_STANDARD"/>
    <property name="sun.boot.library.path" value="D:\development\jdk8\jre\bin"/>
    <property name="sun.java.command" value="C:\Users\maike\AppData\Local\Temp\surefire2705767033100750472\surefirebooter788107282570580809.jar C:\Users\maike\AppData\Local\Temp\surefire2705767033100750472 2018-09-04T23-10-22_045-jvmRun1 surefire5775823406801302723tmp surefire_0871825671266877166tmp"/>
    <property name="surefire.test.class.path" value="D:\ITA\learning\target\test-classes;D:\ITA\learning\target\classes;D:\mymavenRepo\log4j\log4j\1.2.16\log4j-1.2.16.jar;D:\mymavenRepo\junit\junit\4.12\junit-4.12.jar;D:\mymavenRepo\org\hamcrest\hamcrest-core\1.3\hamcrest-core-1.3.jar;"/>
    <property name="sun.cpu.endian" value="little"/>
    <property name="user.home" value="C:\Users\maike"/>
    <property name="user.language" value="en"/>
    <property name="java.specification.vendor" value="Oracle Corporation"/>
    <property name="java.home" value="D:\development\jdk8\jre"/>
    <property name="basedir" value="D:\ITA\learning"/>
    <property name="file.separator" value="\"/>
    <property name="line.separator" value="&#10;"/>
    <property name="java.vm.specification.vendor" value="Oracle Corporation"/>
    <property name="java.specification.name" value="Java Platform API Specification"/>
    <property name="java.awt.graphicsenv" value="sun.awt.Win32GraphicsEnvironment"/>
    <property name="surefire.real.class.path" value="C:\Users\maike\AppData\Local\Temp\surefire2705767033100750472\surefirebooter788107282570580809.jar"/>
    <property name="sun.boot.class.path" value="D:\development\jdk8\jre\lib\resources.jar;D:\development\jdk8\jre\lib\rt.jar;D:\development\jdk8\jre\lib\sunrsasign.jar;D:\development\jdk8\jre\lib\jsse.jar;D:\development\jdk8\jre\lib\jce.jar;D:\development\jdk8\jre\lib\charsets.jar;D:\development\jdk8\jre\lib\jfr.jar;D:\development\jdk8\jre\classes"/>
    <property name="user.script" value=""/>
    <property name="sun.management.compiler" value="HotSpot 64-Bit Tiered Compilers"/>
    <property name="java.runtime.version" value="1.8.0_144-b01"/>
    <property name="user.name" value="MAIKE"/>
    <property name="path.separator" value=";"/>
    <property name="os.version" value="10.0"/>
    <property name="java.endorsed.dirs" value="D:\development\jdk8\jre\lib\endorsed"/>
    <property name="java.runtime.name" value="Java(TM) SE Runtime Environment"/>
    <property name="file.encoding" value="Cp1252"/>
    <property name="java.vm.name" value="Java HotSpot(TM) 64-Bit Server VM"/>
    <property name="log.filename" value="test.log"/>
    <property name="localRepository" value="D:\mymavenRepo"/>
    <property name="java.vendor.url.bug" value="http://bugreport.sun.com/bugreport/"/>
    <property name="java.io.tmpdir" value="C:\Users\maike\AppData\Local\Temp\"/>
    <property name="java.version" value="1.8.0_144"/>
    <property name="user.dir" value="D:\ITA\learning"/>
    <property name="os.arch" value="amd64"/>
    <property name="java.vm.specification.name" value="Java Virtual Machine Specification"/>
    <property name="java.awt.printerjob" value="sun.awt.windows.WPrinterJob"/>
    <property name="sun.os.patch.level" value=""/>
    <property name="java.library.path" value="D:\development\jdk8\jre\bin;C:\windows\Sun\Java\bin;C:\windows\system32;C:\windows;C:\Program Files (x86)\Common Files\Oracle\Java\javapath;D:\development\tibco\root\tibrv\8.4\bin;D:\app\MAIKE\product\11.2.0\client_1;C:\Program Files\Docker\Docker\Resources\bin;C:\windows\system32;C:\windows;C:\windows\System32\Wbem;C:\windows\System32\WindowsPowerShell\v1.0\;C:\Users\maike\AppData\Local\Temp\LRE202A.tmp\bin;D:\softwareInstalled\git\Git\cmd;D:\softwareInstalled\gitExtension\;D:\development\apache-maven-3.0.4\bin;D:\softwareInstalled\mongodb\bin;D:\softwareInstalled\node\;D:\development\apache-ant-1.7.1\bin;D:\softwareInstalled\mysql5.7.22\bin;D:\softwareInstalled\sonar-scanner\bin;D:\development\jdk8\bin;C:\Users\maike\AppData\Local\Microsoft\WindowsApps;C:\Users\maike\AppData\Roaming\npm;."/>
    <property name="java.vm.info" value="mixed mode"/>
    <property name="java.vendor" value="Oracle Corporation"/>
    <property name="java.vm.version" value="25.144-b01"/>
    <property name="java.ext.dirs" value="D:\development\jdk8\jre\lib\ext;C:\windows\Sun\Java\lib\ext"/>
    <property name="sun.io.unicode.encoding" value="UnicodeLittle"/>
    <property name="java.class.version" value="52.0"/>
  </properties>
  <testcase name="shouldAnswerWithTrue" classname="com.kelvin.maven.profile.AppTest" time="0"/>
</testsuite>